<?xml version="1.0" encoding="UTF-8"?>
<testsuite name="DollarTest" tests="1" skipped="0" failures="0" errors="0" timestamp="2022-01-12T17:09:13" hostname="yunsangjin-ui-MacBookAir.local" time="0.03">
  <properties/>
  <testcase name="testEquality()" classname="DollarTest" time="0.03"/>
  <system-out><![CDATA[]]></system-out>
  <system-err><![CDATA[]]></system-err>
</testsuite>
