<?xml version="1.0" encoding="UTF-8"?>
<testsuite name="DollarTests" tests="3" skipped="0" failures="0" errors="0" timestamp="2022-02-28T13:36:16" hostname="yunsangjin-ui-MacBookAir.local" time="0.064">
  <properties/>
  <testcase name="testMultiplication()" classname="DollarTests" time="0.049"/>
  <testcase name="testFrancMultiplication()" classname="DollarTests" time="0.002"/>
  <testcase name="testEquality()" classname="DollarTests" time="0.008"/>
  <system-out><![CDATA[10
15
10
15
5
6
5
6
]]></system-out>
  <system-err><![CDATA[]]></system-err>
</testsuite>
