<?xml version="1.0" encoding="UTF-8"?>
<testsuite name="DollarTests" tests="5" skipped="0" failures="0" errors="0" timestamp="2022-02-28T14:13:12" hostname="yunsangjin-ui-MacBookAir.local" time="0.081">
  <properties/>
  <testcase name="testMultiplication()" classname="DollarTests" time="0.048"/>
  <testcase name="testDifferentClassEquality()" classname="DollarTests" time="0.003"/>
  <testcase name="testFrancMultiplication()" classname="DollarTests" time="0.001"/>
  <testcase name="testCurrency()" classname="DollarTests" time="0.005"/>
  <testcase name="testEquality()" classname="DollarTests" time="0.008"/>
  <system-out><![CDATA[]]></system-out>
  <system-err><![CDATA[]]></system-err>
</testsuite>
